Alpha: 0.01, Turn 0
Alpha: 0.01, Turn 1
Alpha: 0.01, Turn 2
Alpha: 0.01, Turn 3
Alpha: 0.01, Turn 4
Alpha: 0.01, Turn 5
Alpha: 0.01, Turn 6
Alpha: 0.01, Turn 7
Alpha: 0.01, Turn 8
Alpha: 0.01, Turn 9
Alpha: 0.01, Turn 10
Alpha: 0.01, Turn 11
Alpha: 0.01, Turn 12
Alpha: 0.01, Turn 13
Alpha: 0.01, Turn 14
Alpha: 0.01, Turn 15
Alpha: 0.01, Turn 16
Alpha: 0.01, Turn 17
Alpha: 0.01, Turn 18
Alpha: 0.01, Turn 19
Alpha: 0.01, Turn 20
Alpha: 0.01, Turn 21
Alpha: 0.01, Turn 22
Alpha: 0.01, Turn 23
Alpha: 0.01, Turn 24
Alpha: 0.01, Turn 25
Alpha: 0.01, Turn 26
Alpha: 0.01, Turn 27
Alpha: 0.01, Turn 28
Alpha: 0.01, Turn 29
Alpha: 0.01, Turn 30
Alpha: 0.01, Turn 31
Alpha: 0.01, Turn 32
Alpha: 0.01, Turn 33
Alpha: 0.01, Turn 34
Alpha: 0.01, Turn 35
Alpha: 0.01, Turn 36
Alpha: 0.01, Turn 37
Alpha: 0.01, Turn 38
Alpha: 0.01, Turn 39
Alpha: 0.01, Turn 40
Alpha: 0.01, Turn 41
Alpha: 0.01, Turn 42
Alpha: 0.01, Turn 43
Alpha: 0.01, Turn 44
Alpha: 0.01, Turn 45
Alpha: 0.01, Turn 46
Alpha: 0.01, Turn 47
Alpha: 0.01, Turn 48
Alpha: 0.01, Turn 49
Alpha: 0.01, Turn 50
Alpha: 0.01, Turn 51
Alpha: 0.01, Turn 52
Alpha: 0.01, Turn 53
Alpha: 0.01, Turn 54
Alpha: 0.01, Turn 55
Alpha: 0.01, Turn 56
Alpha: 0.01, Turn 57
Alpha: 0.01, Turn 58
Alpha: 0.01, Turn 59
Alpha: 0.01, Turn 60
Alpha: 0.01, Turn 61
Alpha: 0.01, Turn 62
Alpha: 0.01, Turn 63
Alpha: 0.01, Turn 64
Alpha: 0.01, Turn 65
Alpha: 0.01, Turn 66
Alpha: 0.01, Turn 67
Alpha: 0.01, Turn 68
Alpha: 0.01, Turn 69
Alpha: 0.01, Turn 70
Alpha: 0.01, Turn 71
Alpha: 0.01, Turn 72
Alpha: 0.01, Turn 73
Alpha: 0.01, Turn 74
Alpha: 0.01, Turn 75
Alpha: 0.01, Turn 76
Alpha: 0.01, Turn 77
Alpha: 0.01, Turn 78
Alpha: 0.01, Turn 79
Alpha: 0.01, Turn 80
Alpha: 0.01, Turn 81
Alpha: 0.01, Turn 82
Alpha: 0.01, Turn 83
Alpha: 0.01, Turn 84
Alpha: 0.01, Turn 85
Alpha: 0.01, Turn 86
Alpha: 0.01, Turn 87
Alpha: 0.01, Turn 88
Alpha: 0.01, Turn 89
Alpha: 0.01, Turn 90
Alpha: 0.01, Turn 91
Alpha: 0.01, Turn 92
Alpha: 0.01, Turn 93
Alpha: 0.01, Turn 94
Alpha: 0.01, Turn 95
Alpha: 0.01, Turn 96
Alpha: 0.01, Turn 97
Alpha: 0.01, Turn 98
Alpha: 0.01, Turn 99
Alpha: 0.01, Turn 100
Alpha: 0.01, Turn 101
Alpha: 0.01, Turn 102
Alpha: 0.01, Turn 103
Alpha: 0.01, Turn 104
Alpha: 0.01, Turn 105
Alpha: 0.01, Turn 106
Alpha: 0.01, Turn 107
Alpha: 0.01, Turn 108
Alpha: 0.01, Turn 109
Alpha: 0.01, Turn 110
Alpha: 0.01, Turn 111
Alpha: 0.01, Turn 112
Alpha: 0.01, Turn 113
Alpha: 0.01, Turn 114
Alpha: 0.01, Turn 115
Alpha: 0.01, Turn 116
Alpha: 0.01, Turn 117
Alpha: 0.01, Turn 118
Alpha: 0.01, Turn 119
Alpha: 0.01, Turn 120
Alpha: 0.01, Turn 121
Alpha: 0.01, Turn 122
Alpha: 0.01, Turn 123
Alpha: 0.01, Turn 124
Alpha: 0.01, Turn 125
Alpha: 0.01, Turn 126
Alpha: 0.01, Turn 127
Alpha: 0.01, Turn 128
Alpha: 0.01, Turn 129
Alpha: 0.01, Turn 130
Alpha: 0.01, Turn 131
Alpha: 0.01, Turn 132
Alpha: 0.01, Turn 133
Alpha: 0.01, Turn 134
Alpha: 0.01, Turn 135
Alpha: 0.01, Turn 136
Alpha: 0.01, Turn 137
Alpha: 0.01, Turn 138
Alpha: 0.01, Turn 139
Alpha: 0.01, Turn 140
Alpha: 0.01, Turn 141
Alpha: 0.01, Turn 142
Alpha: 0.01, Turn 143
Alpha: 0.01, Turn 144
Alpha: 0.01, Turn 145
Alpha: 0.01, Turn 146
Alpha: 0.01, Turn 147
Alpha: 0.01, Turn 148
Alpha: 0.01, Turn 149
Alpha: 0.01, Turn 150
Alpha: 0.01, Turn 151
Alpha: 0.01, Turn 152
Alpha: 0.01, Turn 153
Alpha: 0.01, Turn 154
Alpha: 0.01, Turn 155
Alpha: 0.01, Turn 156
Alpha: 0.01, Turn 157
Alpha: 0.01, Turn 158
Alpha: 0.01, Turn 159
Alpha: 0.01, Turn 160
Alpha: 0.01, Turn 161
Alpha: 0.01, Turn 162
Alpha: 0.01, Turn 163
Alpha: 0.01, Turn 164
Alpha: 0.01, Turn 165
Alpha: 0.01, Turn 166
Alpha: 0.01, Turn 167
Alpha: 0.01, Turn 168
Alpha: 0.01, Turn 169
Alpha: 0.01, Turn 170
Alpha: 0.01, Turn 171
Alpha: 0.01, Turn 172
Alpha: 0.01, Turn 173
Alpha: 0.01, Turn 174
Alpha: 0.01, Turn 175
Alpha: 0.01, Turn 176
Alpha: 0.01, Turn 177
Alpha: 0.01, Turn 178
Alpha: 0.01, Turn 179
Alpha: 0.01, Turn 180
Alpha: 0.01, Turn 181
Alpha: 0.01, Turn 182
Alpha: 0.01, Turn 183
Alpha: 0.01, Turn 184
Alpha: 0.01, Turn 185
Alpha: 0.01, Turn 186
Alpha: 0.01, Turn 187
Alpha: 0.01, Turn 188
Alpha: 0.01, Turn 189
Alpha: 0.01, Turn 190
Alpha: 0.01, Turn 191
Alpha: 0.01, Turn 192
Alpha: 0.01, Turn 193
Alpha: 0.01, Turn 194
Alpha: 0.01, Turn 195
Alpha: 0.01, Turn 196
Alpha: 0.01, Turn 197
Alpha: 0.01, Turn 198
Alpha: 0.01, Turn 199
Alpha: 0.01, Turn 200
Alpha: 0.01, Turn 201
Alpha: 0.01, Turn 202
Alpha: 0.01, Turn 203
Alpha: 0.01, Turn 204
Alpha: 0.01, Turn 205
Alpha: 0.01, Turn 206
Alpha: 0.01, Turn 207
Alpha: 0.01, Turn 208
Alpha: 0.01, Turn 209
Alpha: 0.01, Turn 210
Alpha: 0.01, Turn 211
Alpha: 0.01, Turn 212
Alpha: 0.01, Turn 213
Alpha: 0.01, Turn 214
Alpha: 0.01, Turn 215
Alpha: 0.01, Turn 216
Alpha: 0.01, Turn 217
Alpha: 0.01, Turn 218
Alpha: 0.01, Turn 219
Alpha: 0.01, Turn 220
Alpha: 0.01, Turn 221
Alpha: 0.01, Turn 222
Alpha: 0.01, Turn 223
Alpha: 0.01, Turn 224
Alpha: 0.01, Turn 225
Alpha: 0.01, Turn 226
Alpha: 0.01, Turn 227
Alpha: 0.01, Turn 228
Alpha: 0.01, Turn 229
Alpha: 0.01, Turn 230
Alpha: 0.01, Turn 231
Alpha: 0.01, Turn 232
Alpha: 0.01, Turn 233
Alpha: 0.01, Turn 234
Alpha: 0.01, Turn 235
Alpha: 0.01, Turn 236
Alpha: 0.01, Turn 237
Alpha: 0.01, Turn 238
Alpha: 0.01, Turn 239
Alpha: 0.01, Turn 240
Alpha: 0.01, Turn 241
Alpha: 0.01, Turn 242
Alpha: 0.01, Turn 243
Alpha: 0.01, Turn 244
Alpha: 0.01, Turn 245
Alpha: 0.01, Turn 246
Alpha: 0.01, Turn 247
Alpha: 0.01, Turn 248
Alpha: 0.01, Turn 249
Alpha: 0.01, Turn 250
Alpha: 0.01, Turn 251
Alpha: 0.01, Turn 252
Alpha: 0.01, Turn 253
Alpha: 0.01, Turn 254
Alpha: 0.01, Turn 255
Alpha: 0.01, Turn 256
Alpha: 0.01, Turn 257
Alpha: 0.01, Turn 258
Alpha: 0.01, Turn 259
Alpha: 0.01, Turn 260
Alpha: 0.01, Turn 261
Alpha: 0.01, Turn 262
Alpha: 0.01, Turn 263
Alpha: 0.01, Turn 264
Alpha: 0.01, Turn 265
Alpha: 0.01, Turn 266
Alpha: 0.01, Turn 267
Alpha: 0.01, Turn 268
Alpha: 0.01, Turn 269
Alpha: 0.01, Turn 270
Alpha: 0.01, Turn 271
Alpha: 0.01, Turn 272
Alpha: 0.01, Turn 273
Alpha: 0.01, Turn 274
Alpha: 0.01, Turn 275
Alpha: 0.01, Turn 276
Alpha: 0.01, Turn 277
Alpha: 0.01, Turn 278
Alpha: 0.01, Turn 279
Alpha: 0.01, Turn 280
Alpha: 0.01, Turn 281
Alpha: 0.01, Turn 282
Alpha: 0.01, Turn 283
Alpha: 0.01, Turn 284
Alpha: 0.01, Turn 285
Alpha: 0.01, Turn 286
Alpha: 0.01, Turn 287
Alpha: 0.01, Turn 288
Alpha: 0.01, Turn 289
Alpha: 0.01, Turn 290
Alpha: 0.01, Turn 291
Alpha: 0.01, Turn 292
Alpha: 0.01, Turn 293
Alpha: 0.01, Turn 294
Alpha: 0.01, Turn 295
Alpha: 0.01, Turn 296
Alpha: 0.01, Turn 297
Alpha: 0.01, Turn 298
Alpha: 0.01, Turn 299
Alpha: 0.01, Turn 300
Alpha: 0.01, Turn 301
Alpha: 0.01, Turn 302
Alpha: 0.01, Turn 303
Alpha: 0.01, Turn 304
Alpha: 0.01, Turn 305
Alpha: 0.01, Turn 306
Alpha: 0.01, Turn 307
Alpha: 0.01, Turn 308
Alpha: 0.01, Turn 309
Alpha: 0.01, Turn 310
Alpha: 0.01, Turn 311
Alpha: 0.01, Turn 312
Alpha: 0.01, Turn 313
Alpha: 0.01, Turn 314
Alpha: 0.01, Turn 315
Alpha: 0.01, Turn 316
Alpha: 0.01, Turn 317
Alpha: 0.01, Turn 318
Alpha: 0.01, Turn 319
Alpha: 0.01, Turn 320
Alpha: 0.01, Turn 321
Alpha: 0.01, Turn 322
Alpha: 0.01, Turn 323
Alpha: 0.01, Turn 324
Alpha: 0.01, Turn 325
Alpha: 0.01, Turn 326
Alpha: 0.01, Turn 327
Alpha: 0.01, Turn 328
Alpha: 0.01, Turn 329
Alpha: 0.01, Turn 330
Alpha: 0.01, Turn 331
Alpha: 0.01, Turn 332
Alpha: 0.01, Turn 333
Alpha: 0.01, Turn 334
Alpha: 0.01, Turn 335
Alpha: 0.01, Turn 336
Alpha: 0.01, Turn 337
Alpha: 0.01, Turn 338
Alpha: 0.01, Turn 339
Alpha: 0.01, Turn 340
Alpha: 0.01, Turn 341
Alpha: 0.01, Turn 342
Alpha: 0.01, Turn 343
Alpha: 0.01, Turn 344
Alpha: 0.01, Turn 345
Alpha: 0.01, Turn 346
Alpha: 0.01, Turn 347
Alpha: 0.01, Turn 348
Alpha: 0.01, Turn 349
Alpha: 0.01, Turn 350
Alpha: 0.01, Turn 351
Alpha: 0.01, Turn 352
Alpha: 0.01, Turn 353
Alpha: 0.01, Turn 354
Alpha: 0.01, Turn 355
Alpha: 0.01, Turn 356
Alpha: 0.01, Turn 357
Alpha: 0.01, Turn 358
Alpha: 0.01, Turn 359
Alpha: 0.01, Turn 360
Alpha: 0.01, Turn 361
Alpha: 0.01, Turn 362
Alpha: 0.01, Turn 363
Alpha: 0.01, Turn 364
Alpha: 0.01, Turn 365
Alpha: 0.01, Turn 366
Alpha: 0.01, Turn 367
Alpha: 0.01, Turn 368
Alpha: 0.01, Turn 369
Alpha: 0.01, Turn 370
Alpha: 0.01, Turn 371
Alpha: 0.01, Turn 372
Alpha: 0.01, Turn 373
Alpha: 0.01, Turn 374
Alpha: 0.01, Turn 375
Alpha: 0.01, Turn 376
Alpha: 0.01, Turn 377
Alpha: 0.01, Turn 378
Alpha: 0.01, Turn 379
Alpha: 0.01, Turn 380
Alpha: 0.01, Turn 381
Alpha: 0.01, Turn 382
Alpha: 0.01, Turn 383
Alpha: 0.01, Turn 384
Alpha: 0.01, Turn 385
Alpha: 0.01, Turn 386
Alpha: 0.01, Turn 387
Alpha: 0.01, Turn 388
Alpha: 0.01, Turn 389
Alpha: 0.01, Turn 390
Alpha: 0.01, Turn 391
Alpha: 0.01, Turn 392
Alpha: 0.01, Turn 393
Alpha: 0.01, Turn 394
Alpha: 0.01, Turn 395
Alpha: 0.01, Turn 396
Alpha: 0.01, Turn 397
Alpha: 0.01, Turn 398
Alpha: 0.01, Turn 399
Alien Pos: (23, 11)
Bot Pos: (19, 18)
