Turn 0
Cells to set to 0: 26
Alien Not Detected
Planning Path...
Planning Done!
Planned Path
Evasion!!
Max Crew Belief: 0.0013036965448918196
Max Alien Belief: 0.003631961259079907
Turn 1
Cells to set to 0: 31
Alien Not Detected
Planning Path...
Planning Done!
Planned Path
Max Crew Belief: 0.0014099881630461018
Max Alien Belief: 0.0043886300722436
Turn 2
Cells to set to 0: 26
Alien Not Detected
Planning Path...
Planning Done!
Planned Path
Max Crew Belief: 0.0014945408858878313
Max Alien Belief: 0.0034546395696891928
Turn 3
Cells to set to 0: 30
Alien Not Detected
Planning Path...
Planning Done!
Planned Path
Max Crew Belief: 0.0015805894875792286
Max Alien Belief: 0.0021570186958917346
Turn 4
Cells to set to 0: 32
Alien Not Detected
Planning Path...
Planning Done!
Planned Path
Max Crew Belief: 0.0016686682430627027
Max Alien Belief: 0.0034321736930361525
Turn 5
Cells to set to 0: 39
Alien Not Detected
Planning Path...
Planning Done!
Planned Path
Max Crew Belief: 0.0017604544614500271
Max Alien Belief: 0.003025172750700914
Turn 6
Cells to set to 0: 44
Alien Not Detected
Planning Path...
Planning Done!
Planned Path
Max Crew Belief: 0.0018562277177257157
Max Alien Belief: 0.004590056451116973
Turn 7
Cells to set to 0: 48
Alien Not Detected
Planning Path...
Planning Done!
Planned Path
Max Crew Belief: 0.0019564476776130183
Max Alien Belief: 0.005675279054803449
Turn 8
Cells to set to 0: 56
Alien Not Detected
Planning Path...
Planning Done!
Planned Path
Max Crew Belief: 0.002061818478448878
Max Alien Belief: 0.004060681637224005
Turn 9
Cells to set to 0: 60
Alien Not Detected
Planning Path...
Planning Done!
Planned Path
Max Crew Belief: 0.0021730007841950587
Max Alien Belief: 0.0059264944434793765
Turn 10
Cells to set to 0: 69
Alien Not Detected
Planning Path...
Planning Done!
Planned Path
Max Crew Belief: 0.002290732646485705
Max Alien Belief: 0.005100994988316933
Turn 11
Cells to set to 0: 77
Alien Not Detected
Planning Path...
Planning Done!
Planned Path
Max Crew Belief: 0.0024157469888190695
Max Alien Belief: 0.005946633517796798
Turn 12
Cells to set to 0: 86
Alien Not Detected
Planning Path...
Planning Done!
Planned Path
Max Crew Belief: 0.0025490411464638893
Max Alien Belief: 0.0068978665055959
Turn 13
Cells to set to 0: 86
Alien Not Detected
Planning Path...
Planning Done!
Planned Path
Max Crew Belief: 0.0026913335164915073
Max Alien Belief: 0.008670149272983055
Turn 14
Cells to set to 0: 87
Alien Not Detected
Planning Path...
Planning Done!
Planned Path
Max Crew Belief: 0.0028435443102915485
Max Alien Belief: 0.009242408972556038
Turn 15
Cells to set to 0: 88
Alien Not Detected
Planning Path...
Planning Done!
Planned Path
Max Crew Belief: 0.0023674898354609205
Max Alien Belief: 0.012143428598631068
Turn 16
Cells to set to 0: 87
Alien Not Detected
Planning Path...
Planning Done!
Planned Path
Max Crew Belief: 0.002355802806896805
Max Alien Belief: 0.006256812171843459
Turn 17
Cells to set to 0: 87
Alien Not Detected
Planning Path...
Planning Done!
Planned Path
Max Crew Belief: 0.0023853415141572945
Max Alien Belief: 0.007096613655850002
Turn 18
Cells to set to 0: 87
Alien Not Detected
Planning Path...
Planning Done!
Planned Path
Max Crew Belief: 0.002435532452400395
Max Alien Belief: 0.007714965035065473
Turn 19
Cells to set to 0: 88
Alien Not Detected
Planning Path...
Planning Done!
Planned Path
Max Crew Belief: 0.002438199024806814
Max Alien Belief: 0.008036089202298969
Turn 20
Cells to set to 0: 88
Alien Not Detected
Planning Path...
Planning Done!
Planned Path
Max Crew Belief: 0.0024407858247682563
Max Alien Belief: 0.005521241541084713
Turn 21
Cells to set to 0: 89
Alien Not Detected
Planning Path...
Planning Done!
Planned Path
Max Crew Belief: 0.0024958080565537495
Max Alien Belief: 0.007746375035357758
Turn 22
Cells to set to 0: 88
Alien Not Detected
Planning Path...
Planning Done!
Planned Path
Max Crew Belief: 0.0025737024360880894
Max Alien Belief: 0.00757329221811587
Turn 23
Cells to set to 0: 88
Alien Not Detected
Planning Path...
Planning Done!
Planned Path
Max Crew Belief: 0.0026404276478317746
Max Alien Belief: 0.005912114667159793
Turn 24
Cells to set to 0: 87
Alien Not Detected
Planning Path...
Planning Done!
Planned Path
Max Crew Belief: 0.0026921946665231637
Max Alien Belief: 0.0069532908342328096
Turn 25
Cells to set to 0: 86
Alien Not Detected
Planning Path...
Planning Done!
Planned Path
Max Crew Belief: 0.0026857617394236526
Max Alien Belief: 0.005513771474378818
Turn 26
Cells to set to 0: 87
Alien Not Detected
Planning Path...
Planning Done!
Planned Path
Max Crew Belief: 0.0026941301034299255
Max Alien Belief: 0.006644553465744189
Turn 27
Cells to set to 0: 87
Alien Not Detected
Planning Path...
Planning Done!
Planned Path
Max Crew Belief: 0.00280875100664021
Max Alien Belief: 0.006502175822524299
Turn 28
Cells to set to 0: 87
Alien Not Detected
Planning Path...
Planning Done!
Planned Path
Max Crew Belief: 0.002951823039836605
Max Alien Belief: 0.008341267572806784
Turn 29
Cells to set to 0: 86
Alien Not Detected
Planning Path...
Planning Done!
Planned Path
Max Crew Belief: 0.0032382833162344997
Max Alien Belief: 0.004682028432081918
Turn 30
Cells to set to 0: 87
Alien Not Detected
Planning Path...
Planning Done!
Planned Path
Max Crew Belief: 0.0031999626017449366
Max Alien Belief: 0.003979485201638682
Turn 31
Cells to set to 0: 85
Alien Not Detected
Planning Path...
Planning Done!
Planned Path
Max Crew Belief: 0.003181479095126329
Max Alien Belief: 0.0047816825151304025
Turn 32
Cells to set to 0: 85
Alien Not Detected
Planning Path...
Planning Done!
Planned Path
Max Crew Belief: 0.0031869886209945904
Max Alien Belief: 0.006304915554641127
Turn 33
Cells to set to 0: 89
Alien Not Detected
Planning Path...
Planning Done!
Planned Path
Max Crew Belief: 0.004017306813640025
Max Alien Belief: 0.01052451585775872
Turn 34
Cells to set to 0: 86
Alien Not Detected
Planning Path...
Planning Done!
Planned Path
Max Crew Belief: 0.004113840846514993
Max Alien Belief: 0.010695234836481361
Turn 35
Cells to set to 0: 89
Alien Not Detected
Planning Path...
Planning Done!
Planned Path
Max Crew Belief: 0.004050163805954042
Max Alien Belief: 0.01064692255831893
Turn 36
Cells to set to 0: 88
Alien Not Detected
Planning Path...
Planning Done!
Planned Path
Max Crew Belief: 0.0039990336333204065
Max Alien Belief: 0.005325201476114048
Turn 37
Cells to set to 0: 85
Alien Not Detected
Planning Path...
Planning Done!
Planned Path
Max Crew Belief: 0.004970133998156069
Max Alien Belief: 0.005325202343500642
Turn 38
Cells to set to 0: 85
Alien Not Detected
Planning Path...
Planning Done!
Planned Path
Max Crew Belief: 0.006517969103305221
Max Alien Belief: 0.005646497906412059
Turn 39
Cells to set to 0: 89
Alien Not Detected
Planning Path...
Planning Done!
Planned Path
Max Crew Belief: 0.006255098246440524
Max Alien Belief: 0.01066019399836415
Turn 40
Cells to set to 0: 86
Alien Not Detected
Planning Path...
Planning Done!
Planned Path
Max Crew Belief: 0.006122233480688845
Max Alien Belief: 0.006290384620913327
Turn 41
Cells to set to 0: 89
Alien Not Detected
Planning Path...
Planning Done!
Planned Path
Max Crew Belief: 0.006183276879427342
Max Alien Belief: 0.01069543324458607
Turn 42
Cells to set to 0: 88
Alien Not Detected
Planning Path...
Planning Done!
Planned Path
Max Crew Belief: 0.006143950152516488
Max Alien Belief: 0.005349954731081542
Turn 43
Cells to set to 0: 85
Alien Not Detected
Planning Path...
Planning Done!
Planned Path
Max Crew Belief: 0.005871476165379351
Max Alien Belief: 0.00534996384139203
Turn 44
Cells to set to 0: 87
Alien Not Detected
Planning Path...
Planning Done!
Planned Path
Max Crew Belief: 0.0057355569966950236
Max Alien Belief: 0.004030686140902477
Turn 45
Cells to set to 0: 86
Alien Not Detected
Planning Path...
Planning Done!
Planned Path
Max Crew Belief: 0.005502236621414937
Max Alien Belief: 0.0038148986650119567
Turn 46
Cells to set to 0: 85
Alien Not Detected
Planning Path...
Planning Done!
Planned Path
Max Crew Belief: 0.0056002182843322215
Max Alien Belief: 0.004010436518603916
Turn 47
Cells to set to 0: 86
Alien Not Detected
Planning Path...
Planning Done!
Planned Path
Max Crew Belief: 0.005718133101788789
Max Alien Belief: 0.0033113655561914767
Turn 48
Cells to set to 0: 87
Alien Not Detected
Planning Path...
Planning Done!
Planned Path
Max Crew Belief: 0.006480580299533861
Max Alien Belief: 0.0028441383484696264
Turn 49
Cells to set to 0: 85
Alien Not Detected
Planning Path...
Planning Done!
Planned Path
Max Crew Belief: 0.006283271001473619
Max Alien Belief: 0.003912124675948106
Turn 50
Cells to set to 0: 85
Alien Not Detected
Planning Path...
Planning Done!
Planned Path
Max Crew Belief: 0.006129004396331764
Max Alien Belief: 0.0051480309008266854
Turn 51
Cells to set to 0: 89
Alien Not Detected
Planning Path...
Planning Done!
Planned Path
Max Crew Belief: 0.006216030835868385
Max Alien Belief: 0.009881234656960452
Turn 52
Cells to set to 0: 88
Alien Not Detected
Planning Path...
Planning Done!
Planned Path
Max Crew Belief: 0.006270886298675461
Max Alien Belief: 0.004940824612676925
Turn 53
Cells to set to 0: 85
Alien Not Detected
Planning Path...
Planning Done!
Planned Path
Max Crew Belief: 0.006123910678249321
Max Alien Belief: 0.004940847025960419
Turn 54
Cells to set to 0: 87
Alien Not Detected
Planning Path...
Planning Done!
Planned Path
Max Crew Belief: 0.005997972451683245
Max Alien Belief: 0.0037085954791211302
Turn 55
Cells to set to 0: 86
Alien Not Detected
Planning Path...
Planning Done!
Planned Path
Max Crew Belief: 0.0057917339770215395
Max Alien Belief: 0.003504890056111115
Turn 56
Cells to set to 0: 85
Alien Not Detected
Planning Path...
Planning Done!
Planned Path
Max Crew Belief: 0.0059932071507810105
Max Alien Belief: 0.0032424184686971457
Turn 57
Cells to set to 0: 84
Alien Not Detected
Planning Path...
Planning Done!
Planned Path
Max Crew Belief: 0.006303295299208302
Max Alien Belief: 0.0038450798825227263
Turn 58
Cells to set to 0: 85
Alien Not Detected
Planning Path...
Planning Done!
Planned Path
Max Crew Belief: 0.006578357655355263
Max Alien Belief: 0.004010376680565445
Turn 59
Cells to set to 0: 85
Alien Not Detected
Planning Path...
Planning Done!
Planned Path
Max Crew Belief: 0.006641107641129436
Max Alien Belief: 0.0036657581621743003
Turn 60
Cells to set to 0: 87
Alien Not Detected
Planning Path...
Planning Done!
Planned Path
Max Crew Belief: 0.006568615116209799
Max Alien Belief: 0.003333761694558335
Turn 61
Cells to set to 0: 86
Alien Not Detected
Planning Path...
Planning Done!
Planned Path
Max Crew Belief: 0.0064621282531700545
Max Alien Belief: 0.004883347684855349
Turn 62
Cells to set to 0: 84
Alien Not Detected
Planning Path...
Planning Done!
Planned Path
Max Crew Belief: 0.006811989188499141
Max Alien Belief: 0.003904219517163288
Turn 63
Cells to set to 0: 82
Alien Not Detected
Planning Path...
Planning Done!
Planned Path
Max Crew Belief: 0.006844248631809416
Max Alien Belief: 0.0046168239230613755
Turn 64
Cells to set to 0: 81
Alien Not Detected
Planning Path...
Planning Done!
Planned Path
Max Crew Belief: 0.007127063773576976
Max Alien Belief: 0.003234646095442559
Turn 65
Cells to set to 0: 77
Alien Not Detected
Planning Path...
Planning Done!
Planned Path
Max Crew Belief: 0.007307200850446796
Max Alien Belief: 0.003753508242346875
Turn 66
Cells to set to 0: 77
Alien Not Detected
Planning Path...
Planning Done!
Planned Path
Max Crew Belief: 0.007488106510677751
Max Alien Belief: 0.005065744747553452
Turn 67
Cells to set to 0: 77
Alien Not Detected
Planning Path...
Planning Done!
Planned Path
Max Crew Belief: 0.0075140138575385314
Max Alien Belief: 0.0067627021871329174
Turn 68
Cells to set to 0: 82
Alien Not Detected
Planning Path...
Planning Done!
Planned Path
Max Crew Belief: 0.008807410554998547
Max Alien Belief: 0.00461904090926182
Turn 69
Cells to set to 0: 81
Alien Not Detected
Planning Path...
Planning Done!
Planned Path
Max Crew Belief: 0.008588213496455286
Max Alien Belief: 0.006523063716714261
Turn 70
Cells to set to 0: 79
Alien Not Detected
Planning Path...
Planning Done!
Planned Path
Max Crew Belief: 0.008229756439626989
Max Alien Belief: 0.006704438532828956
Turn 71
Cells to set to 0: 80
Alien Not Detected
Planning Path...
Planning Done!
Planned Path
Max Crew Belief: 0.007651006249203641
Max Alien Belief: 0.009501496039073923
Turn 72
Cells to set to 0: 83
Alien Not Detected
Planning Path...
Planning Done!
Planned Path
Max Crew Belief: 0.007632258058768959
Max Alien Belief: 0.010306899755347963
Turn 73
Cells to set to 0: 80
Alien Not Detected
Planning Path...
Planning Done!
Planned Path
Max Crew Belief: 0.008654388981232627
Max Alien Belief: 0.0057486899451746265
Turn 74
Cells to set to 0: 79
Alien Not Detected
Planning Path...
Planning Done!
Planned Path
Max Crew Belief: 0.009743669235498785
Max Alien Belief: 0.004953571721911605
Turn 75
Cells to set to 0: 81
Alien Not Detected
Planning Path...
Planning Done!
Planned Path
Max Crew Belief: 0.0106762551646046
Max Alien Belief: 0.004272204073607985
Turn 76
Cells to set to 0: 82
Alien Not Detected
Planning Path...
Planning Done!
Planned Path
Max Crew Belief: 0.011698846890728932
Max Alien Belief: 0.004164369935160618
Turn 77
Cells to set to 0: 77
Alien Not Detected
Planning Path...
Planning Done!
Planned Path
Max Crew Belief: 0.010230158504184315
Max Alien Belief: 0.0038238543916091438
Turn 78
Cells to set to 0: 74
Alien Not Detected
Planning Path...
Planning Done!
Planned Path
Max Crew Belief: 0.010499398336675675
Max Alien Belief: 0.004944516223224105
Turn 79
Cells to set to 0: 74
Alien Not Detected
Planning Path...
Planning Done!
Planned Path
Max Crew Belief: 0.01056630587442827
Max Alien Belief: 0.006147250549194933
Turn 80
Cells to set to 0: 75
Alien Not Detected
Planning Path...
Planning Done!
Planned Path
Max Crew Belief: 0.01347829773921863
Max Alien Belief: 0.004365291367775277
Turn 81
Cells to set to 0: 75
Alien Not Detected
Planning Path...
Planning Done!
Planned Path
Max Crew Belief: 0.012080858208262405
Max Alien Belief: 0.0049746055179028335
Turn 82
Cells to set to 0: 73
Alien Not Detected
Planning Path...
Planning Done!
Planned Path
Max Crew Belief: 0.011192378928726904
Max Alien Belief: 0.006268092245470528
Turn 83
Cells to set to 0: 77
Alien Not Detected
Planning Path...
Planning Done!
Planned Path
Max Crew Belief: 0.00999416448148023
Max Alien Belief: 0.007158546705157382
Turn 84
Cells to set to 0: 78
Alien Not Detected
Planning Path...
Planning Done!
Planned Path
Max Crew Belief: 0.009384631752046154
Max Alien Belief: 0.005110474867435357
Turn 85
Cells to set to 0: 78
Alien Not Detected
Planning Path...
Planning Done!
Planned Path
Max Crew Belief: 0.013633462053771698
Max Alien Belief: 0.0053226091506177005
Turn 86
Cells to set to 0: 80
Alien Not Detected
Planning Path...
Planning Done!
Planned Path
Max Crew Belief: 0.01225162707677126
Max Alien Belief: 0.005848617083134246
Turn 87
Cells to set to 0: 77
Alien Not Detected
Planning Path...
Planning Done!
Planned Path
Max Crew Belief: 0.011042169673634626
Max Alien Belief: 0.007160223974050923
Turn 88
Cells to set to 0: 75
Alien Not Detected
Planning Path...
Planning Done!
Planned Path
Max Crew Belief: 0.00941404329220558
Max Alien Belief: 0.006343513304688807
Turn 89
Cells to set to 0: 78
Alien Not Detected
Planning Path...
Planning Done!
Planned Path
Max Crew Belief: 0.009066875662675085
Max Alien Belief: 0.01077367958207477
Turn 90
Cells to set to 0: 81
Alien Not Detected
Planning Path...
Planning Done!
Planned Path
Max Crew Belief: 0.010400116396543618
Max Alien Belief: 0.012467163239656387
Turn 91
Cells to set to 0: 78
Alien Not Detected
Planning Path...
Planning Done!
Planned Path
Max Crew Belief: 0.012188119111497128
Max Alien Belief: 0.007305685697165857
Turn 92
Cells to set to 0: 75
Alien Not Detected
Planning Path...
Planning Done!
Planned Path
Max Crew Belief: 0.01045506590047478
Max Alien Belief: 0.00469830404562942
Turn 93
Cells to set to 0: 78
Alien Not Detected
Planning Path...
Planning Done!
Planned Path
Max Crew Belief: 0.010127373859993731
Max Alien Belief: 0.005773425797135683
Turn 94
Cells to set to 0: 81
Alien Not Detected
Planning Path...
Planning Done!
Planned Path
Max Crew Belief: 0.00936370459517673
Max Alien Belief: 0.008222142490868672
Turn 95
Cells to set to 0: 82
Alien Not Detected
Planning Path...
Planning Done!
Planned Path
Max Crew Belief: 0.010209747135372154
Max Alien Belief: 0.011577022993430653
Turn 96
Cells to set to 0: 81
Alien Not Detected
Planning Path...
Planning Done!
Planned Path
Max Crew Belief: 0.01188489333727147
Max Alien Belief: 0.005095882603829341
Turn 97
Cells to set to 0: 78
Alien Not Detected
Planning Path...
Planning Done!
Planned Path
Max Crew Belief: 0.013376898645666513
Max Alien Belief: 0.005342324245159634
Turn 98
Cells to set to 0: 75
Alien Not Detected
Planning Path...
Planning Done!
Planned Path
Max Crew Belief: 0.014689441482661877
Max Alien Belief: 0.0037603319589810083
Turn 99
Cells to set to 0: 73
Alien Not Detected
Planning Path...
Planning Done!
Planned Path
Max Crew Belief: 0.013720923273511558
Max Alien Belief: 0.0037454448003198817
Turn 100
Cells to set to 0: 74
Alien Not Detected
Planning Path...
Planning Done!
Planned Path
Max Crew Belief: 0.012901341853005137
Max Alien Belief: 0.0044254353809063335
Turn 101
Cells to set to 0: 75
Alien Not Detected
Planning Path...
Planning Done!
Planned Path
Max Crew Belief: 0.011752068716488612
Max Alien Belief: 0.005859861135399657
Turn 102
Cells to set to 0: 73
Alien Not Detected
Planning Path...
Planning Done!
Planned Path
Max Crew Belief: 0.011439263179667033
Max Alien Belief: 0.00555956838809295
Turn 103
Cells to set to 0: 72
Alien Not Detected
Planning Path...
Planning Done!
Planned Path
Max Crew Belief: 0.011952611172402821
Max Alien Belief: 0.003907372425308475
Turn 104
Cells to set to 0: 76
Alien Not Detected
Planning Path...
Planning Done!
Planned Path
Max Crew Belief: 0.01259417740119161
Max Alien Belief: 0.006445970215518994
Turn 105
Cells to set to 0: 75
Alien Not Detected
Planning Path...
Planning Done!
Planned Path
Max Crew Belief: 0.013016222456079014
Max Alien Belief: 0.0072083817573369065
Turn 106
Cells to set to 0: 75
Alien Not Detected
Planning Path...
Planning Done!
Planned Path
Max Crew Belief: 0.013128677589111291
Max Alien Belief: 0.0057256455283829924
Turn 107
Cells to set to 0: 76
Alien Not Detected
Planning Path...
Planning Done!
Planned Path
Max Crew Belief: 0.014291400554254256
Max Alien Belief: 0.0053626578839069804
Turn 108
Cells to set to 0: 75
Alien Not Detected
Planning Path...
Planning Done!
Planned Path
Max Crew Belief: 0.015583239754418263
Max Alien Belief: 0.004023157086605986
Turn 109
Cells to set to 0: 75
Alien Not Detected
Planning Path...
Planning Done!
Planned Path
Max Crew Belief: 0.014092128061741269
Max Alien Belief: 0.003932851950793901
Turn 110
Cells to set to 0: 75
Alien Not Detected
Planning Path...
Planning Done!
Planned Path
Max Crew Belief: 0.014295528956201469
Max Alien Belief: 0.0038315832679483974
Turn 111
Cells to set to 0: 76
Alien Not Detected
Planning Path...
Planning Done!
Planned Path
Max Crew Belief: 0.014568324152231608
Max Alien Belief: 0.004080786739380682
Turn 112
Cells to set to 0: 76
Alien Not Detected
Planning Path...
Planning Done!
Planned Path
Max Crew Belief: 0.014637185319303398
Max Alien Belief: 0.007714685112116864
Turn 113
Cells to set to 0: 75
Alien Not Detected
Planning Path...
Planning Done!
Planned Path
Max Crew Belief: 0.016102537581960872
Max Alien Belief: 0.00964277605664987
Turn 114
Cells to set to 0: 73
Alien Not Detected
Planning Path...
Planning Done!
Planned Path
Max Crew Belief: 0.017744226588006617
Max Alien Belief: 0.012575558065609187
Turn 115
Cells to set to 0: 74
Alien Not Detected
Planning Path...
Planning Done!
Planned Path
Max Crew Belief: 0.019012023695024447
Max Alien Belief: 0.00837915005057724
Turn 116
Cells to set to 0: 80
Alien Not Detected
Planning Path...
Planning Done!
Planned Path
Max Crew Belief: 0.01993564233816552
Max Alien Belief: 0.008089219900821346
Turn 117
Cells to set to 0: 84
Alien Not Detected
Planning Path...
Planning Done!
Planned Path
Max Crew Belief: 0.016109707663300186
Max Alien Belief: 0.010302161656525425
Turn 118
Cells to set to 0: 82
Alien Not Detected
Planning Path...
Planning Done!
Planned Path
Max Crew Belief: 0.01697415518840016
Max Alien Belief: 0.013324707288070734
Turn 119
Cells to set to 0: 81
Alien Not Detected
Planning Path...
Planning Done!
Planned Path
Max Crew Belief: 0.01747272766565288
Max Alien Belief: 0.014993005176519462
Turn 120
Cells to set to 0: 81
Alien Not Detected
Planning Path...
Planning Done!
Planned Path
Max Crew Belief: 0.017606580337489863
Max Alien Belief: 0.017041917219771795
Turn 121
Cells to set to 0: 87
Alien Not Detected
Planning Path...
Planning Done!
Planned Path
Max Crew Belief: 0.018918294305068046
Max Alien Belief: 0.01895223057984586
Turn 122
Cells to set to 0: 87
Alien Not Detected
Planning Path...
Planning Done!
Planned Path
Max Crew Belief: 0.019155078353030583
Max Alien Belief: 0.010865019133508912
Turn 123
Cells to set to 0: 87
Alien Not Detected
Planning Path...
Planning Done!
Planned Path
Max Crew Belief: 0.02043959147723751
Max Alien Belief: 0.011901643944439867
Turn 124
Cells to set to 0: 87
Alien Not Detected
Planning Path...
Planning Done!
Planned Path
Max Crew Belief: 0.020683990039568275
Max Alien Belief: 0.007599836925461534
Turn 125
Cells to set to 0: 87
Alien Not Detected
Planning Path...
Planning Done!
Planned Path
Max Crew Belief: 0.02301816065899762
Max Alien Belief: 0.008832342534095018
Turn 126
Cells to set to 0: 86
Alien Not Detected
Planning Path...
Planning Done!
Planned Path
Max Crew Belief: 0.024798556114727893
Max Alien Belief: 0.008608438201544331
Turn 127
Cells to set to 0: 86
Alien Not Detected
Planning Path...
Planning Done!
Planned Path
Max Crew Belief: 0.024903245018286158
Max Alien Belief: 0.010286056020192313
Turn 128
Cells to set to 0: 84
Alien Not Detected
Planning Path...
Planning Done!
Planned Path
Max Crew Belief: 0.023609023270863203
Max Alien Belief: 0.009007560977507285
Turn 129
Cells to set to 0: 85
Alien Not Detected
Planning Path...
Planning Done!
Planned Path
Max Crew Belief: 0.03158923841495551
Max Alien Belief: 0.012812347970400964
Turn 130
Cells to set to 0: 89
Alien Not Detected
Planning Path...
Planning Done!
Planned Path
Max Crew Belief: 0.032629780734644016
Max Alien Belief: 0.008269243049655156
Turn 131
Cells to set to 0: 88
Alien Not Detected
Planning Path...
Planning Done!
Planned Path
Max Crew Belief: 0.03503475407133812
Max Alien Belief: 0.01190266724872898
Turn 132
Cells to set to 0: 87
Alien Not Detected
Planning Path...
Planning Done!
Planned Path
Max Crew Belief: 0.0331964552973481
Max Alien Belief: 0.012233045770102723
Turn 133
Cells to set to 0: 88
Alien Not Detected
Planning Path...
Planning Done!
Planned Path
Max Crew Belief: 0.03916341954200825
Max Alien Belief: 0.011079481584495475
Turn 134
Cells to set to 0: 88
Alien Not Detected
Planning Path...
Planning Done!
Planned Path
Max Crew Belief: 0.03486393669363329
Max Alien Belief: 0.01767183555753689
Turn 135
Cells to set to 0: 87
Alien Not Detected
Planning Path...
Planning Done!
Planned Path
Max Crew Belief: 0.041207811055107346
Max Alien Belief: 0.009434073829528362
Turn 136
Cells to set to 0: 88
Alien Not Detected
Planning Path...
Planning Done!
Planned Path
Max Crew Belief: 0.052567307863130845
Max Alien Belief: 0.017106163929814688
Turn 137
Cells to set to 0: 88
Alien Not Detected
Planning Path...
Planning Done!
Planned Path
Max Crew Belief: 0.029938017313146943
Max Alien Belief: 0.02046265994553873
Turn 138
Cells to set to 0: 757
Alien detected
Planning Path...
Planning Done!
Planned Path
Max Crew Belief: 0.03837495630154681
Max Alien Belief: 0.11142492687417462
Turn 139
Cells to set to 0: 757
Alien detected
Planning Path...
Planning Done!
Planned Path
Max Crew Belief: 0.037826968092535655
Max Alien Belief: 0.07654531980608455
Turn 140
Cells to set to 0: 757
Alien detected
Planning Path...
Planning Done!
Planned Path
Max Crew Belief: 0.03793597272062413
Max Alien Belief: 0.08236153140096807
Turn 141
Cells to set to 0: 88
Alien Not Detected
Planning Path...
Planning Done!
Planned Path
Max Crew Belief: 0.05221028064355395
Max Alien Belief: 0.150292524909434
Turn 142
Cells to set to 0: 757
Alien detected
Planning Path...
Planning Done!
Planned Path
Max Crew Belief: 0.05779722754134309
Max Alien Belief: 0.12929197354205194
Turn 143
Cells to set to 0: 760
Alien detected
Planning Path...
Planning Done!
Planned Path
Max Crew Belief: 0.07418126716043454
Max Alien Belief: 0.09847256308006931
Turn 144
Cells to set to 0: 757
Alien detected
Planning Path...
Planning Done!
Planned Path
Max Crew Belief: 0.0913015114907492
Max Alien Belief: 0.1008061899797818
Turn 145
Cells to set to 0: 758
Alien detected
Planning Path...
Planning Done!
Planned Path
Max Crew Belief: 0.12010102562595736
Max Alien Belief: 0.16154063142118383
SUCCES: Crew member reached!
Saving gif...
hello
